{
  "Cucumber Features": {
    "coverage": {
      "/Users/jennyfurstenbach/Desktop/Jenny/Craftacademy/voff/app/models/user.rb": [
        1,
        null,
        1,
        1,
        null,
        null,
        null,
        1,
        null,
        null,
        1,
        null,
        1,
        null,
        null,
        0,
        null,
        null,
        null,
        null,
        null,
        0,
        null,
        null,
        0,
        null,
        null,
        null,
        null,
        0,
        0,
        0,
        null,
        null,
        0,
        0,
        null,
        null,
        null,
        null,
        null,
        0,
        0,
        null,
        null,
        null,
        null,
        0,
        0,
        0,
        null,
        0,
        null,
        null,
        1,
        0,
        null,
        null,
        null
      ],
      "/Users/jennyfurstenbach/Desktop/Jenny/Craftacademy/voff/app/helpers/application_helper.rb": [
        1,
        null
      ],
      "/Users/jennyfurstenbach/Desktop/Jenny/Craftacademy/voff/app/controllers/welcome_controller.rb": [
        1,
        null
      ],
      "/Users/jennyfurstenbach/Desktop/Jenny/Craftacademy/voff/app/controllers/application_controller.rb": [
        1,
        null,
        null,
        1,
        null
      ],
      "/Users/jennyfurstenbach/Desktop/Jenny/Craftacademy/voff/app/controllers/search_controller.rb": [
        1,
        1,
        1,
        3,
        3,
        3,
        null,
        null
      ],
      "/Users/jennyfurstenbach/Desktop/Jenny/Craftacademy/voff/app/controllers/charges_controller.rb": [
        1,
        null,
        1,
        null,
        null,
        1,
        null,
        0,
        null,
        0,
        null,
        null,
        null,
        null,
        0,
        null,
        null,
        null,
        null,
        null,
        null,
        null,
        0,
        0,
        null,
        null
      ],
      "/Users/jennyfurstenbach/Desktop/Jenny/Craftacademy/voff/app/controllers/omniauth_callbacks_controller.rb": [
        0,
        0,
        0,
        0,
        0,
        0,
        0,
        0,
        0,
        0,
        0,
        0,
        0,
        0,
        0,
        0,
        0,
        0,
        0,
        0,
        0,
        0,
        0,
        0,
        0,
        0,
        0,
        0,
        0
      ],
      "/Users/jennyfurstenbach/Desktop/Jenny/Craftacademy/voff/app/controllers/users_controller.rb": [
        0,
        0,
        0,
        0,
        0,
        0,
        0,
        0,
        0,
        0,
        0,
        0,
        0,
        0,
        0,
        0,
        0,
        0,
        0,
        0,
        0,
        0,
        0,
        0,
        0,
        0,
        0,
        0,
        0,
        0,
        0,
        0,
        0,
        0,
        0,
        0,
        0,
        0,
        0,
        0,
        0,
        0,
        0,
        0,
        0,
        0,
        0,
        0,
        0,
        0,
        0,
        0,
        0,
        0,
        0,
        0,
        0,
        0,
        0,
        0,
        0,
        0,
        0
      ],
      "/Users/jennyfurstenbach/Desktop/Jenny/Craftacademy/voff/app/models/identity.rb": [
        0,
        0,
        0,
        0,
        0,
        0,
        0,
        0,
        0
      ]
    },
    "timestamp": 1465069829
  },
  "RSpec": {
    "coverage": {
      "/Users/jennyfurstenbach/Desktop/Jenny/Craftacademy/voff/app/models/user.rb": [
        1,
        null,
        1,
        1,
        null,
        null,
        null,
        1,
        null,
        null,
        1,
        null,
        1,
        null,
        null,
        0,
        null,
        null,
        null,
        null,
        null,
        0,
        null,
        null,
        0,
        null,
        null,
        null,
        null,
        0,
        0,
        0,
        null,
        null,
        0,
        0,
        null,
        null,
        null,
        null,
        null,
        0,
        0,
        null,
        null,
        null,
        null,
        0,
        0,
        0,
        null,
        0,
        null,
        null,
        1,
        0,
        null,
        null,
        null
      ],
      "/Users/jennyfurstenbach/Desktop/Jenny/Craftacademy/voff/app/helpers/application_helper.rb": [
        1,
        null
      ],
      "/Users/jennyfurstenbach/Desktop/Jenny/Craftacademy/voff/app/controllers/application_controller.rb": [
        0,
        0,
        0,
        0,
        0
      ],
      "/Users/jennyfurstenbach/Desktop/Jenny/Craftacademy/voff/app/controllers/charges_controller.rb": [
        0,
        0,
        0,
        0,
        0,
        0,
        0,
        0,
        0,
        0,
        0,
        0,
        0,
        0,
        0,
        0,
        0,
        0,
        0,
        0,
        0,
        0,
        0,
        0,
        0,
        0
      ],
      "/Users/jennyfurstenbach/Desktop/Jenny/Craftacademy/voff/app/controllers/omniauth_callbacks_controller.rb": [
        0,
        0,
        0,
        0,
        0,
        0,
        0,
        0,
        0,
        0,
        0,
        0,
        0,
        0,
        0,
        0,
        0,
        0,
        0,
        0,
        0,
        0,
        0,
        0,
        0,
        0,
        0,
        0,
        0
      ],
      "/Users/jennyfurstenbach/Desktop/Jenny/Craftacademy/voff/app/controllers/search_controller.rb": [
        0,
        0,
        0,
        0,
        0,
        0,
        0,
        0
      ],
      "/Users/jennyfurstenbach/Desktop/Jenny/Craftacademy/voff/app/controllers/users_controller.rb": [
        0,
        0,
        0,
        0,
        0,
        0,
        0,
        0,
        0,
        0,
        0,
        0,
        0,
        0,
        0,
        0,
        0,
        0,
        0,
        0,
        0,
        0,
        0,
        0,
        0,
        0,
        0,
        0,
        0,
        0,
        0,
        0,
        0,
        0,
        0,
        0,
        0,
        0,
        0,
        0,
        0,
        0,
        0,
        0,
        0,
        0,
        0,
        0,
        0,
        0,
        0,
        0,
        0,
        0,
        0,
        0,
        0,
        0,
        0,
        0,
        0,
        0,
        0
      ],
      "/Users/jennyfurstenbach/Desktop/Jenny/Craftacademy/voff/app/controllers/welcome_controller.rb": [
        0,
        0
      ],
      "/Users/jennyfurstenbach/Desktop/Jenny/Craftacademy/voff/app/models/identity.rb": [
        0,
        0,
        0,
        0,
        0,
        0,
        0,
        0,
        0
      ]
    },
    "timestamp": 1465069844
  }
}
